<?xml version="1.0" encoding="UTF-8"?>
<!-- Generated by org.testng.reporters.JUnitXMLReporter -->
<testsuite ignored="0" hostname="DESKTOP-C3NQIVL" failures="0" tests="10" name="Surefire test" time="189.121" errors="0" timestamp="2023-04-10T17:20:00 IST">
  <testcase classname="api.test.DataDrivenTest" name="testPostUser" time="14.525"/>
  <testcase classname="api.test.DataDrivenTest" name="testPostUser" time="3.136"/>
  <testcase classname="api.test.DataDrivenTest" name="testPostUser" time="4.39"/>
  <testcase classname="api.test.DataDrivenTest" name="testDelUserByName" time="3.259"/>
  <testcase classname="api.test.DataDrivenTest" name="testDelUserByName" time="28.948"/>
  <testcase classname="api.test.DataDrivenTest" name="testDelUserByName" time="16.684"/>
  <testcase classname="api.test.UserTest" name="testPostUser" time="13.444"/>
  <testcase classname="api.test.UserTest" name="testGetUserByName" time="25.288"/>
  <testcase classname="api.test.UserTest" name="testUpdateUserByName" time="58.92"/>
  <testcase classname="api.test.UserTest" name="testDeleteUserByName" time="2.791"/>
</testsuite> <!-- Surefire test -->
