<?xml version="1.0" encoding="UTF-8"?>
<!-- Generated by org.testng.reporters.JUnitXMLReporter -->
<testsuite ignored="0" hostname="DESKTOP-C3NQIVL" failures="0" tests="6" name="Default test" time="90.4" errors="0" timestamp="2023-04-09T13:27:58 IST">
  <testcase classname="api.test.DataDrivenTest" name="testPostUser" time="16.438"/>
  <testcase classname="api.test.DataDrivenTest" name="testPostUser" time="30.704"/>
  <testcase classname="api.test.DataDrivenTest" name="testPostUser" time="13.088"/>
  <testcase classname="api.test.DataDrivenTest" name="testDelUserByName" time="11.189"/>
  <testcase classname="api.test.DataDrivenTest" name="testDelUserByName" time="4.744"/>
  <testcase classname="api.test.DataDrivenTest" name="testDelUserByName" time="6.763"/>
</testsuite> <!-- Default test -->
