<?xml version="1.0" encoding="UTF-8"?>
<!-- Generated by org.testng.reporters.JUnitXMLReporter -->
<testsuite ignored="0" hostname="DESKTOP-C3NQIVL" failures="0" tests="4" name="PetTest" time="90.285" errors="0" timestamp="2023-04-10T13:41:52 IST">
  <testcase classname="api.test.UserTest2" name="testPostUser" time="23.907"/>
  <testcase classname="api.test.UserTest2" name="testGetUserByName" time="19.67"/>
  <testcase classname="api.test.UserTest2" name="testUpdateUserByName" time="25.625"/>
  <testcase classname="api.test.UserTest2" name="testDeleteUserByName" time="16.446"/>
</testsuite> <!-- PetTest -->
